[23-Nov-2024 00:46:40 Europe/Berlin] Face verification error: Invalid image type. Only JPG and PNG are allowed.
[23-Nov-2024 00:47:03 Europe/Berlin] Face verification error: Invalid image type. Only JPG and PNG are allowed.
[23-Nov-2024 00:47:40 Europe/Berlin] Face verification error: Invalid image type. Only JPG and PNG are allowed.
[23-Nov-2024 00:48:46 Europe/Berlin] Face verification error: Invalid image type. Only JPG and PNG are allowed.
[23-Nov-2024 00:54:08 Europe/Berlin] Face verification error: Invalid image type. Only JPG and PNG are allowed.
[23-Nov-2024 01:07:30 Europe/Berlin] Face verification error: Invalid image type. Only JPG and PNG are allowed.
[23-Nov-2024 01:10:29 Europe/Berlin] Face verification error: Invalid image type. Only JPG and PNG are allowed.
[23-Nov-2024 01:13:48 Europe/Berlin] Face verification error: Invalid image type. Only JPG and PNG are allowed.
[23-Nov-2024 01:20:31 Europe/Berlin] Uploaded file: Array
(
    [name] => CAP485860329373309189.jpg
    [full_path] => CAP485860329373309189.jpg
    [type] => application/octet-stream
    [tmp_name] => C:\xampp\tmp\php62BB.tmp
    [error] => 0
    [size] => 273813
)

[23-Nov-2024 01:20:31 Europe/Berlin] Received file type: application/octet-stream
[23-Nov-2024 01:20:31 Europe/Berlin] Face verification error: Invalid image type. Only JPG and PNG are allowed.
[23-Nov-2024 01:20:39 Europe/Berlin] Uploaded file: Array
(
    [name] => CAP3745323716076047708.jpg
    [full_path] => CAP3745323716076047708.jpg
    [type] => application/octet-stream
    [tmp_name] => C:\xampp\tmp\php81DC.tmp
    [error] => 0
    [size] => 294805
)

[23-Nov-2024 01:20:39 Europe/Berlin] Received file type: application/octet-stream
[23-Nov-2024 01:20:39 Europe/Berlin] Face verification error: Invalid image type. Only JPG and PNG are allowed.
[23-Nov-2024 01:20:53 Europe/Berlin] Face verification error: Email is required
